1653744046,10.0  :  deposited
1653744046,10.0  :  deposited
1653744046,10.0  :  deposited
1653744046,10.0  :  deposited
1653744046,10.0  :  deposited
1653744046,10.0  :  deposited
1653744046,10.0  :  deposited
1887549293,100.0  :  deposited
1360018616,100.0  :  deposited
1887549293,100.0  :  deposited
1887549293,100.0  :  deposited
1887549293,100.0  :  deposited
1887549293,100.0  :  deposited
150.0,1887549293 to 1236374832 : transferred
1.0,1887549293 to 1236374832 : transferred
1365874216,100.0  :  deposited
1.0,1365874216 to 1236374832 : transferred
1.0,1360018616 to 1236374832 : transferred
1612801163,100.0  :  deposited
10.0,1612801163 to 1231406259 : transferred
10.0,1612801163 to 1887549293 : transferred
1236374832,100.0  :  deposited
150.0,1236374832 to 1231406259 : transferred
1234.0,1653744046 to 1378887123 : transferred
800.0,1236374832 to 1653744046 : transferred
500.0,1653744046 to 1378887123 : transferred
1000.0,1378887123 to 1058684136 : transferred
1233.0,1058684136 to 1561429521 : transferred
11.0,1561429521 to 1095057079 : transferred
11.0,1561429521 to 1095057079 : transferred
11100.0,1058684136 to 1095057079 : transferred
1218134605,100.0  :  deposited
1218134605,150.0  :  deposited
1218134605,150.0  :  deposited
1218134605,100.0  :  deposited
1218134605,100.0  :  deposited
1218134605,100.0  :  deposited
1218134605,100.0  :  deposited
1218134605,100.0  :  deposited
1218134605,100.0  :  deposited
1218134605,100.0  :  deposited
1218134605,15000.0  :  deposited
26.0,1058684136 to 1095057079 : transferred
600.0,1058684136 to 1561429521 : transferred
600.0,1058684136 to 1561429521 : transferred
75.0,1236374832 to 1599391061 : transferred
100.0,1236374832 to 1653744046 : transferred
1975685867,15.0  :  deposited
1.0,1975685867 to 1837066838 : transferred
5.0,1975685867 to 1806905907 : transferred
5.0,1975685867 to 1806905907 : transferred
1.0,1975685867 to 1363027241 : transferred
1806905907,1000.0  :  deposited
1.0,1363027241 to 1837066838 : transferred
1.0,1363027241 to 1806905907 : transferred
1806905907,1000.0  :  deposited
2.0,1837066838 to 1975685867 : transferred
2.0,1837066838 to 1975685867 : transferred
2.0,1837066838 to 1975685867 : transferred
2.0,1837066838 to 1975685867 : transferred
2.0,1837066838 to 1975685867 : transferred
2.0,1837066838 to 1975685867 : transferred
2.0,1837066838 to 1975685867 : transferred
2.0,1837066838 to 1975685867 : transferred
1018.0,1837066838 to 1975685867 : transferred
100.0,1806905907 to 1837066838 : transferred
100.0,1806905907 to 1837066838 : transferred
100.0,1806905907 to 1837066838 : transferred
100.0,1806905907 to 1837066838 : transferred
3.0,1363027241 to 1837066838 : transferred
10.0,1806905907 to 1837066838 : transferred
100.0,1837066838 to 1806905907 : transferred
100.0,1837066838 to 1806905907 : transferred
100.0,1837066838 to 1806905907 : transferred
100.0,1837066838 to 1806905907 : transferred
90.0,1806905907 to 1363027241 : transferred
90.0,1806905907 to 1363027241 : transferred
17.0,1806905907 to 1363027241 : transferred
10.0,1806905907 to 1363027241 : transferred
10.0,1806905907 to 1837066838 : transferred
10.0,1806905907 to 1837066838 : transferred
10.0,1806905907 to 1837066838 : transferred
55.0,1837066838 to 1599391061 : transferred
100.0,1837066838 to 1599391061 : transferred
100.0,1837066838 to 1599391061 : transferred
100.0,1837066838 to 1058684136 : transferred
60.0,1806905907 to 1161916337 : transferred
8.0,1457291147 to 1599391061 : transferred
8.0,1457291147 to 1479644148 : transferred
8.0,1457291147 to 1479644148 : transferred
541.0,1378887123 to 1479644148 : transferred
499.0,1378887123 to 1479644148 : transferred
499.0,1378887123 to 1479644148 : transferred
499.0,1378887123 to 1479644148 : transferred
499.0,1378887123 to 1479644148 : transferred
10.0,1479644148 to 1236374832 : transferred
10.0,1479644148 to 1236374832 : transferred
11.0,1653744046 to 1599391061 : transferred
11.0,1653744046 to 1609943248 : transferred
11.0,1653744046 to 1609943248 : transferred
